#
# A fatal error has been detected by the Java Runtime Environment:
#
#  EXCEPTION_ACCESS_VIOLATION (0xc0000005) at pc=0x00000000504aeb57, pid=10148, tid=0x0000000000002fb4
#
# JRE version: OpenJDK Runtime Environment (8.0_242-b01) (build 1.8.0_242-release-1644-b01)
# Java VM: OpenJDK 64-Bit Server VM (25.242-b01 mixed mode windows-amd64 compressed oops)
# Problematic frame:
# V  [jvm.dll+0x46eb57]
#
# Failed to write core dump. Minidumps are not enabled by default on client versions of Windows
#
# If you would like to submit a bug report, please visit:
#   
#

---------------  T H R E A D  ---------------

Current thread (0x000000001737b000):  JavaThread "C2 CompilerThread1" daemon [_thread_in_native, id=12212, stack(0x0000000018ad0000,0x0000000018bd0000)]

siginfo: ExceptionCode=0xc0000005, reading address 0x000002001ba242f0

Registers:
RAX=0x000002001ba242f0, RBX=0x0000000000000004, RCX=0x0000000000000000, RDX=0x000000001e4d4160
RSP=0x0000000018bcbe90, RBP=0x0000000000045f90, RSI=0x00000000000009ff, RDI=0x000000001ed930f0
R8 =0x0000000000030000, R9 =0x00000000000001c0, R10=0x0000000018bcc030, R11=0x0000000018bcbef0
R12=0x000000001e4d4160, R13=0x0000000018bcc320, R14=0x0000000050040000, R15=0x000000005080f750
RIP=0x00000000504aeb57, EFLAGS=0x0000000000010246

Top of Stack: (sp=0x0000000018bcbe90)
0x0000000018bcbe90:   000000002057cd00 00000000000009ff
0x0000000018bcbea0:   0000000000045f90 00000000000009ff
0x0000000018bcbeb0:   000000090000000e 0000000000000001
0x0000000018bcbec0:   0000000018ded940 0000000000000001
0x0000000018bcbed0:   000000001a611430 0000000000000012
0x0000000018bcbee0:   000000002057cd00 00000000504b2fb0
0x0000000018bcbef0:   0000000018bcc320 00000000000009ff
0x0000000018bcbf00:   000000005080f750 0000000000000010
0x0000000018bcbf10:   000000002007a0e8 00000000504af073
0x0000000018bcbf20:   0000000000000001 00000000000009ff
0x0000000018bcbf30:   000000002057cd00 0000000000000012
0x0000000018bcbf40:   000000000000000a 00000000000022c8
0x0000000018bcbf50:   000000002057cd00 000000001b542a00
0x0000000018bcbf60:   0000000018bcc030 000000001da39e08
0x0000000018bcbf70:   000000001da39a30 0000000000000000
0x0000000018bcbf80:   0000000018bcc320 000000001da39a20 

Instructions: (pc=0x00000000504aeb57)
0x00000000504aeb37:   8b de 48 8d 3c 80 48 c1 e7 05 49 03 7a 10 85 db
0x00000000504aeb47:   0f 84 f3 fe ff ff 48 8b 47 08 8b cb 48 c1 e9 08
0x00000000504aeb57:   4c 8b 0c c8 4d 3b cf 75 0d 8b d3 48 8b cf e8 26
0x00000000504aeb67:   44 00 00 4c 8b c8 8b d3 83 e3 1f 41 b8 01 00 00 


Register to memory mapping:

RAX=0x000002001ba242f0 is an unknown value
RBX=0x0000000000000004 is an unknown value
RCX=0x0000000000000000 is an unknown value
RDX=0x000000001e4d4160 is an unknown value
RSP=0x0000000018bcbe90 is pointing into the stack for thread: 0x000000001737b000
RBP=0x0000000000045f90 is an unknown value
RSI=0x00000000000009ff is an unknown value
RDI=0x000000001ed930f0 is an unknown value
R8 =0x0000000000030000 is an unknown value
R9 =0x00000000000001c0 is an unknown value
R10=0x0000000018bcc030 is pointing into the stack for thread: 0x000000001737b000
R11=0x0000000018bcbef0 is pointing into the stack for thread: 0x000000001737b000
R12=0x000000001e4d4160 is an unknown value
R13=0x0000000018bcc320 is pointing into the stack for thread: 0x000000001737b000
R14=0x0000000050040000 is an unknown value
R15=0x000000005080f750 is an unknown value


Stack: [0x0000000018ad0000,0x0000000018bd0000],  sp=0x0000000018bcbe90,  free space=1007k
Native frames: (J=compiled Java code, j=interpreted, Vv=VM code, C=native code)
V  [jvm.dll+0x46eb57]
V  [jvm.dll+0x46f073]
V  [jvm.dll+0x43a7fa]
V  [jvm.dll+0x4456ab]
V  [jvm.dll+0x447fa8]
V  [jvm.dll+0x42b072]
V  [jvm.dll+0x8230f]
V  [jvm.dll+0x82c7f]
V  [jvm.dll+0x220b7f]
V  [jvm.dll+0x27276a]
C  [msvcr100.dll+0x21d9f]
C  [msvcr100.dll+0x21e3b]
C  [KERNEL32.DLL+0x17034]
C  [ntdll.dll+0x52651]


Current CompileTask:
C2:  17188 5123   !   4       com.sun.beans.TypeResolver::resolve (274 bytes)


---------------  P R O C E S S  ---------------

Java Threads: ( => current thread )
  0x0000000020450000 JavaThread "Memory manager" [_thread_blocked, id=3140, stack(0x000000002a2a0000,0x000000002a3a0000)]
  0x0000000020456000 JavaThread "pool-1-thread-1" [_thread_blocked, id=8308, stack(0x0000000029da0000,0x0000000029ea0000)]
  0x0000000020453800 JavaThread "jar transforms Thread 114" [_thread_blocked, id=4628, stack(0x00000000298a0000,0x00000000299a0000)]
  0x0000000020452000 JavaThread "jar transforms Thread 113" [_thread_blocked, id=2728, stack(0x00000000297a0000,0x00000000298a0000)]
  0x0000000020454800 JavaThread "jar transforms Thread 112" [_thread_blocked, id=11468, stack(0x00000000296a0000,0x00000000297a0000)]
  0x0000000020455000 JavaThread "jar transforms Thread 111" [_thread_blocked, id=11476, stack(0x00000000295a0000,0x00000000296a0000)]
  0x0000000020456800 JavaThread "jar transforms Thread 110" [_thread_blocked, id=1328, stack(0x00000000294a0000,0x00000000295a0000)]
  0x000000002044c000 JavaThread "jar transforms Thread 109" [_thread_blocked, id=11472, stack(0x00000000293a0000,0x00000000294a0000)]
  0x0000000020453000 JavaThread "jar transforms Thread 108" [_thread_blocked, id=10556, stack(0x00000000292a0000,0x00000000293a0000)]
  0x000000002044a800 JavaThread "jar transforms Thread 107" [_thread_blocked, id=5812, stack(0x00000000291a0000,0x00000000292a0000)]
  0x0000000020451800 JavaThread "jar transforms Thread 106" [_thread_blocked, id=11448, stack(0x00000000290a0000,0x00000000291a0000)]
  0x000000002044a000 JavaThread "jar transforms Thread 105" [_thread_blocked, id=8912, stack(0x0000000028fa0000,0x00000000290a0000)]
  0x000000002044d000 JavaThread "jar transforms Thread 104" [_thread_blocked, id=8916, stack(0x0000000028ea0000,0x0000000028fa0000)]
  0x0000000020450800 JavaThread "jar transforms Thread 103" [_thread_blocked, id=11924, stack(0x0000000028ca0000,0x0000000028da0000)]
  0x000000002044f000 JavaThread "jar transforms Thread 102" [_thread_blocked, id=10464, stack(0x0000000028ba0000,0x0000000028ca0000)]
  0x0000000020449000 JavaThread "jar transforms Thread 101" [_thread_blocked, id=7500, stack(0x0000000028aa0000,0x0000000028ba0000)]
  0x000000002044d800 JavaThread "jar transforms Thread 100" [_thread_blocked, id=9844, stack(0x00000000289a0000,0x0000000028aa0000)]
  0x000000002044e800 JavaThread "jar transforms Thread 99" [_thread_blocked, id=10108, stack(0x00000000288a0000,0x00000000289a0000)]
  0x000000002044b800 JavaThread "jar transforms Thread 98" [_thread_blocked, id=10120, stack(0x00000000287a0000,0x00000000288a0000)]
  0x000000001a7c3000 JavaThread "jar transforms Thread 97" [_thread_blocked, id=11992, stack(0x00000000286a0000,0x00000000287a0000)]
  0x000000001a7c2000 JavaThread "jar transforms Thread 96" [_thread_blocked, id=1908, stack(0x00000000285a0000,0x00000000286a0000)]
  0x000000001a7c1800 JavaThread "jar transforms Thread 95" [_thread_blocked, id=9772, stack(0x00000000284a0000,0x00000000285a0000)]
  0x000000001a7c0800 JavaThread "jar transforms Thread 94" [_thread_blocked, id=9840, stack(0x00000000283a0000,0x00000000284a0000)]
  0x000000001a7c0000 JavaThread "jar transforms Thread 93" [_thread_blocked, id=10060, stack(0x00000000282a0000,0x00000000283a0000)]
  0x000000001a7b8800 JavaThread "jar transforms Thread 92" [_thread_blocked, id=9760, stack(0x00000000281a0000,0x00000000282a0000)]
  0x000000001a7bf000 JavaThread "jar transforms Thread 91" [_thread_blocked, id=9640, stack(0x00000000280a0000,0x00000000281a0000)]
  0x000000001a7be800 JavaThread "jar transforms Thread 90" [_thread_blocked, id=10660, stack(0x0000000027fa0000,0x00000000280a0000)]
  0x000000001a7bd800 JavaThread "jar transforms Thread 89" [_thread_blocked, id=9680, stack(0x0000000027ea0000,0x0000000027fa0000)]
  0x000000001a7bd000 JavaThread "jar transforms Thread 88" [_thread_blocked, id=9620, stack(0x0000000027da0000,0x0000000027ea0000)]
  0x000000001a7bc000 JavaThread "jar transforms Thread 87" [_thread_blocked, id=2668, stack(0x0000000027ca0000,0x0000000027da0000)]
  0x000000001a7b7800 JavaThread "jar transforms Thread 86" [_thread_blocked, id=12004, stack(0x0000000027ba0000,0x0000000027ca0000)]
  0x000000001a7b9000 JavaThread "jar transforms Thread 85" [_thread_blocked, id=1344, stack(0x0000000027aa0000,0x0000000027ba0000)]
  0x000000001a7b4800 JavaThread "jar transforms Thread 84" [_thread_blocked, id=9344, stack(0x00000000279a0000,0x0000000027aa0000)]
  0x000000001a7bb800 JavaThread "jar transforms Thread 83" [_thread_blocked, id=11808, stack(0x00000000278a0000,0x00000000279a0000)]
  0x000000001a7b4000 JavaThread "jar transforms Thread 82" [_thread_blocked, id=10688, stack(0x00000000277a0000,0x00000000278a0000)]
  0x000000001a7ba000 JavaThread "jar transforms Thread 81" [_thread_blocked, id=6276, stack(0x00000000276a0000,0x00000000277a0000)]
  0x000000001a7b7000 JavaThread "jar transforms Thread 80" [_thread_blocked, id=10708, stack(0x00000000275a0000,0x00000000276a0000)]
  0x000000001a7b6000 JavaThread "jar transforms Thread 79" [_thread_blocked, id=11868, stack(0x00000000274a0000,0x00000000275a0000)]
  0x000000001a7ba800 JavaThread "jar transforms Thread 78" [_thread_blocked, id=8888, stack(0x00000000273a0000,0x00000000274a0000)]
  0x000000001a7b5800 JavaThread "jar transforms Thread 77" [_thread_blocked, id=8884, stack(0x00000000272a0000,0x00000000273a0000)]
  0x000000001d55d800 JavaThread "jar transforms Thread 76" [_thread_blocked, id=10324, stack(0x00000000271a0000,0x00000000272a0000)]
  0x000000001d55d000 JavaThread "jar transforms Thread 75" [_thread_blocked, id=2204, stack(0x00000000270a0000,0x00000000271a0000)]
  0x000000001d55c000 JavaThread "jar transforms Thread 74" [_thread_blocked, id=2652, stack(0x0000000026fa0000,0x00000000270a0000)]
  0x000000001d55a800 JavaThread "jar transforms Thread 73" [_thread_blocked, id=8932, stack(0x0000000026ea0000,0x0000000026fa0000)]
  0x000000001d55b800 JavaThread "jar transforms Thread 72" [_thread_blocked, id=10364, stack(0x0000000026da0000,0x0000000026ea0000)]
  0x000000001d55a000 JavaThread "jar transforms Thread 71" [_thread_blocked, id=10300, stack(0x0000000026ca0000,0x0000000026da0000)]
  0x000000001d552800 JavaThread "jar transforms Thread 70" [_thread_blocked, id=11976, stack(0x0000000026ba0000,0x0000000026ca0000)]
  0x000000001d559000 JavaThread "jar transforms Thread 69" [_thread_blocked, id=11812, stack(0x0000000026aa0000,0x0000000026ba0000)]
  0x000000001d558800 JavaThread "jar transforms Thread 68" [_thread_blocked, id=11840, stack(0x00000000269a0000,0x0000000026aa0000)]
  0x000000001d557800 JavaThread "jar transforms Thread 67" [_thread_blocked, id=2216, stack(0x00000000268a0000,0x00000000269a0000)]
  0x000000001d550000 JavaThread "jar transforms Thread 66" [_thread_blocked, id=11416, stack(0x00000000267a0000,0x00000000268a0000)]
  0x000000001d551800 JavaThread "jar transforms Thread 65" [_thread_blocked, id=8580, stack(0x00000000266a0000,0x00000000267a0000)]
  0x000000001d553000 JavaThread "jar transforms Thread 64" [_thread_blocked, id=11696, stack(0x00000000265a0000,0x00000000266a0000)]
  0x000000001d557000 JavaThread "jar transforms Thread 63" [_thread_blocked, id=11700, stack(0x00000000264a0000,0x00000000265a0000)]
  0x000000001d556000 JavaThread "jar transforms Thread 62" [_thread_blocked, id=11428, stack(0x00000000263a0000,0x00000000264a0000)]
  0x000000001d555800 JavaThread "jar transforms Thread 61" [_thread_blocked, id=11424, stack(0x00000000262a0000,0x00000000263a0000)]
  0x000000001d554800 JavaThread "jar transforms Thread 60" [_thread_blocked, id=11436, stack(0x00000000261a0000,0x00000000262a0000)]
  0x000000001d550800 JavaThread "jar transforms Thread 59" [_thread_blocked, id=11412, stack(0x00000000260a0000,0x00000000261a0000)]
  0x000000001d554000 JavaThread "jar transforms Thread 58" [_thread_blocked, id=9768, stack(0x0000000025fa0000,0x00000000260a0000)]
  0x000000001d54f000 JavaThread "jar transforms Thread 57" [_thread_blocked, id=11704, stack(0x0000000025ea0000,0x0000000025fa0000)]
  0x000000001d54e800 JavaThread "jar transforms Thread 56" [_thread_blocked, id=8928, stack(0x0000000025da0000,0x0000000025ea0000)]
  0x000000001f0db000 JavaThread "jar transforms Thread 55" [_thread_blocked, id=12196, stack(0x0000000025ca0000,0x0000000025da0000)]
  0x000000001f0d9800 JavaThread "jar transforms Thread 54" [_thread_blocked, id=6888, stack(0x0000000025ba0000,0x0000000025ca0000)]
  0x000000001f0d8800 JavaThread "jar transforms Thread 53" [_thread_blocked, id=11440, stack(0x0000000025aa0000,0x0000000025ba0000)]
  0x000000001f0dc800 JavaThread "jar transforms Thread 52" [_thread_blocked, id=11444, stack(0x00000000259a0000,0x0000000025aa0000)]
  0x000000001f0da000 JavaThread "jar transforms Thread 51" [_thread_blocked, id=11588, stack(0x00000000258a0000,0x00000000259a0000)]
  0x000000001f0db800 JavaThread "jar transforms Thread 50" [_thread_blocked, id=11420, stack(0x00000000257a0000,0x00000000258a0000)]
  0x000000001f0d1000 JavaThread "jar transforms Thread 49" [_thread_blocked, id=8824, stack(0x00000000256a0000,0x00000000257a0000)]
  0x000000001f0d8000 JavaThread "jar transforms Thread 48" [_thread_blocked, id=8844, stack(0x00000000255a0000,0x00000000256a0000)]
  0x000000001f0d7000 JavaThread "jar transforms Thread 47" [_thread_blocked, id=8920, stack(0x00000000254a0000,0x00000000255a0000)]
  0x000000001f0d6800 JavaThread "jar transforms Thread 46" [_thread_blocked, id=8452, stack(0x00000000253a0000,0x00000000254a0000)]
  0x000000001f0cf000 JavaThread "jar transforms Thread 45" [_thread_blocked, id=8924, stack(0x00000000252a0000,0x00000000253a0000)]
  0x000000001f0d5800 JavaThread "jar transforms Thread 44" [_thread_blocked, id=8832, stack(0x00000000251a0000,0x00000000252a0000)]
  0x000000001f0d5000 JavaThread "jar transforms Thread 43" [_thread_blocked, id=11360, stack(0x00000000250a0000,0x00000000251a0000)]
  0x000000001f0cd800 JavaThread "jar transforms Thread 42" [_thread_blocked, id=11384, stack(0x0000000024fa0000,0x00000000250a0000)]
  0x000000001f0d4000 JavaThread "jar transforms Thread 41" [_thread_blocked, id=8788, stack(0x0000000024ea0000,0x0000000024fa0000)]
  0x000000001f0d0800 JavaThread "jar transforms Thread 40" [_thread_blocked, id=8964, stack(0x0000000024da0000,0x0000000024ea0000)]
  0x000000001f0d2000 JavaThread "jar transforms Thread 39" [_thread_blocked, id=11376, stack(0x0000000024ca0000,0x0000000024da0000)]
  0x000000001f0d3800 JavaThread "jar transforms Thread 38" [_thread_blocked, id=11380, stack(0x0000000024ba0000,0x0000000024ca0000)]
  0x000000001f0cf800 JavaThread "jar transforms Thread 37" [_thread_blocked, id=8808, stack(0x0000000024aa0000,0x0000000024ba0000)]
  0x000000001f0ce000 JavaThread "jar transforms Thread 36" [_thread_blocked, id=656, stack(0x00000000249a0000,0x0000000024aa0000)]
  0x000000001f0d2800 JavaThread "jar transforms Thread 35" [_thread_blocked, id=8596, stack(0x00000000248a0000,0x00000000249a0000)]
  0x0000000020486000 JavaThread "jar transforms Thread 34" [_thread_blocked, id=11488, stack(0x00000000247a0000,0x00000000248a0000)]
  0x0000000020488800 JavaThread "jar transforms Thread 33" [_thread_blocked, id=11580, stack(0x00000000246a0000,0x00000000247a0000)]
  0x0000000020485800 JavaThread "jar transforms Thread 32" [_thread_blocked, id=9444, stack(0x00000000245a0000,0x00000000246a0000)]
  0x0000000020487800 JavaThread "jar transforms Thread 31" [_thread_blocked, id=9184, stack(0x00000000244a0000,0x00000000245a0000)]
  0x000000002048c000 JavaThread "jar transforms Thread 30" [_thread_blocked, id=8872, stack(0x00000000243a0000,0x00000000244a0000)]
  0x000000002048a000 JavaThread "jar transforms Thread 29" [_thread_blocked, id=7808, stack(0x00000000242a0000,0x00000000243a0000)]
  0x000000002048b800 JavaThread "jar transforms Thread 28" [_thread_blocked, id=8168, stack(0x00000000241a0000,0x00000000242a0000)]
  0x0000000020487000 JavaThread "jar transforms Thread 27" [_thread_blocked, id=8164, stack(0x00000000240a0000,0x00000000241a0000)]
  0x000000002048a800 JavaThread "jar transforms Thread 26" [_thread_blocked, id=1664, stack(0x0000000023fa0000,0x00000000240a0000)]
  0x0000000020489000 JavaThread "jar transforms Thread 25" [_thread_blocked, id=4840, stack(0x0000000023ea0000,0x0000000023fa0000)]
  0x000000002047e800 JavaThread "jar transforms Thread 24" [_thread_blocked, id=10612, stack(0x0000000023da0000,0x0000000023ea0000)]
  0x0000000020484800 JavaThread "jar transforms Thread 23" [_thread_blocked, id=9208, stack(0x0000000023ca0000,0x0000000023da0000)]
  0x0000000020484000 JavaThread "jar transforms Thread 22" [_thread_blocked, id=8196, stack(0x0000000023ba0000,0x0000000023ca0000)]
  0x0000000020483000 JavaThread "jar transforms Thread 21" [_thread_blocked, id=2276, stack(0x0000000023aa0000,0x0000000023ba0000)]
  0x000000002047d000 JavaThread "jar transforms Thread 20" [_thread_blocked, id=9124, stack(0x00000000239a0000,0x0000000023aa0000)]
  0x0000000020482800 JavaThread "jar transforms Thread 19" [_thread_blocked, id=8856, stack(0x00000000238a0000,0x00000000239a0000)]
  0x000000002047f800 JavaThread "jar transforms Thread 18" [_thread_blocked, id=10016, stack(0x00000000237a0000,0x00000000238a0000)]
  0x0000000020480000 JavaThread "jar transforms Thread 17" [_thread_blocked, id=8776, stack(0x00000000236a0000,0x00000000237a0000)]
  0x0000000020481800 JavaThread "jar transforms Thread 16" [_thread_blocked, id=4952, stack(0x00000000235a0000,0x00000000236a0000)]
  0x0000000020481000 JavaThread "jar transforms Thread 15" [_thread_blocked, id=10008, stack(0x00000000234a0000,0x00000000235a0000)]
  0x000000002047e000 JavaThread "jar transforms Thread 14" [_thread_blocked, id=5404, stack(0x00000000233a0000,0x00000000234a0000)]
  0x000000001965a000 JavaThread "jar transforms Thread 13" [_thread_blocked, id=10192, stack(0x00000000232a0000,0x00000000233a0000)]
  0x0000000019656800 JavaThread "jar transforms Thread 12" [_thread_blocked, id=476, stack(0x00000000231a0000,0x00000000232a0000)]
  0x0000000019653800 JavaThread "jar transforms Thread 11" [_thread_blocked, id=8348, stack(0x00000000230a0000,0x00000000231a0000)]
  0x0000000019659800 JavaThread "jar transforms Thread 10" [_thread_blocked, id=8160, stack(0x0000000022fa0000,0x00000000230a0000)]
  0x0000000019655000 JavaThread "jar transforms Thread 9" [_thread_blocked, id=10772, stack(0x0000000022da0000,0x0000000022ea0000)]
  0x0000000019658800 JavaThread "jar transforms Thread 8" [_thread_blocked, id=2628, stack(0x0000000022ca0000,0x0000000022da0000)]
  0x0000000019652800 JavaThread "jar transforms Thread 7" [_thread_blocked, id=928, stack(0x0000000022ba0000,0x0000000022ca0000)]
  0x0000000019658000 JavaThread "jar transforms Thread 6" [_thread_blocked, id=4552, stack(0x0000000022aa0000,0x0000000022ba0000)]
  0x0000000019657000 JavaThread "jar transforms Thread 5" [_thread_blocked, id=1844, stack(0x00000000229a0000,0x0000000022aa0000)]
  0x0000000019652000 JavaThread "jar transforms Thread 4" [_thread_blocked, id=5144, stack(0x00000000228a0000,0x00000000229a0000)]
  0x0000000019655800 JavaThread "jar transforms Thread 3" [_thread_blocked, id=7516, stack(0x00000000227a0000,0x00000000228a0000)]
  0x000000001964f000 JavaThread "jar transforms Thread 2" [_thread_blocked, id=9608, stack(0x00000000226a0000,0x00000000227a0000)]
  0x0000000019654000 JavaThread "Build operations Thread 4" [_thread_blocked, id=1088, stack(0x00000000225a0000,0x00000000226a0000)]
  0x000000001964b000 JavaThread "Build operations Thread 3" [_thread_blocked, id=6836, stack(0x00000000224a0000,0x00000000225a0000)]
  0x000000001964e000 JavaThread "Build operations Thread 2" [_thread_blocked, id=9836, stack(0x00000000220c0000,0x00000000221c0000)]
  0x000000001964d800 JavaThread "Build operations" [_thread_blocked, id=8200, stack(0x0000000021fc0000,0x00000000220c0000)]
  0x0000000019651000 JavaThread "Cache worker for Build Output Cleanup Cache (C:\Users\FADEL\AndroidStudioProjects\GithubUser\.gradle\buildOutputCleanup)" [_thread_blocked, id=7820, stack(0x0000000021ec0000,0x0000000021fc0000)]
  0x000000001bce2000 JavaThread "Cache worker for file content cache (C:\Users\FADEL\.gradle\caches\6.8.3\fileContent)" [_thread_blocked, id=8176, stack(0x00000000217c0000,0x00000000218c0000)]
  0x000000001bce0800 JavaThread "jar transforms" [_thread_blocked, id=5860, stack(0x0000000021590000,0x0000000021690000)]
  0x000000001bcdf800 JavaThread "Cache worker for execution history cache (C:\Users\FADEL\.gradle\caches\6.8.3\executionHistory)" [_thread_blocked, id=6608, stack(0x00000000216c0000,0x00000000217c0000)]
  0x000000001bcdf000 JavaThread "Cache worker for cache directory md-rule (C:\Users\FADEL\.gradle\caches\6.8.3\md-rule)" [_thread_blocked, id=7000, stack(0x0000000020e90000,0x0000000020f90000)]
  0x000000001bce2800 JavaThread "Cache worker for cache directory md-supplier (C:\Users\FADEL\.gradle\caches\6.8.3\md-supplier)" [_thread_blocked, id=6328, stack(0x0000000020d90000,0x0000000020e90000)]
  0x000000001bce5000 JavaThread "Cache worker for checksums cache (C:\Users\FADEL\AndroidStudioProjects\GithubUser\.gradle\checksums)" [_thread_blocked, id=6660, stack(0x0000000020c90000,0x0000000020d90000)]
  0x000000001bce3800 JavaThread "Cache worker for file hash cache (C:\Users\FADEL\AndroidStudioProjects\GithubUser\.gradle\6.8.3\fileHashes)" [_thread_blocked, id=10516, stack(0x000000001f650000,0x000000001f750000)]
  0x000000001bce5800 JavaThread "Cache worker for journal cache (C:\Users\FADEL\.gradle\caches\journal-1)" [_thread_blocked, id=6240, stack(0x000000001f150000,0x000000001f250000)]
  0x000000001bce4000 JavaThread "File lock request listener" [_thread_in_native, id=11892, stack(0x000000001f900000,0x000000001fa00000)]
  0x000000001b299800 JavaThread "Cache worker for file hash cache (C:\Users\FADEL\.gradle\caches\6.8.3\fileHashes)" [_thread_blocked, id=4288, stack(0x000000001f800000,0x000000001f900000)]
  0x000000001b292000 JavaThread "Daemon client event forwarder" [_thread_blocked, id=11764, stack(0x000000001ceb0000,0x000000001cfb0000)]
  0x000000001b28b000 JavaThread "Stdin handler" [_thread_blocked, id=8668, stack(0x000000001cdb0000,0x000000001ceb0000)]
  0x000000001b299000 JavaThread "Asynchronous log dispatcher for DefaultDaemonConnection: socket connection from /127.0.0.1:50090 to /127.0.0.1:50091" [_thread_blocked, id=8400, stack(0x000000001ccb0000,0x000000001cdb0000)]
  0x000000001b28a000 JavaThread "Daemon worker" [_thread_in_native, id=11768, stack(0x000000001cbb0000,0x000000001ccb0000)]
  0x000000001b289000 JavaThread "Cancel handler" [_thread_blocked, id=8860, stack(0x000000001cab0000,0x000000001cbb0000)]
  0x000000001ad5d000 JavaThread "Handler for socket connection from /127.0.0.1:50090 to /127.0.0.1:50091" [_thread_in_native, id=2184, stack(0x000000001c9b0000,0x000000001cab0000)]
  0x000000001ad5a000 JavaThread "Daemon" [_thread_blocked, id=4788, stack(0x000000001c8b0000,0x000000001c9b0000)]
  0x000000001b1f8800 JavaThread "Daemon periodic checks" [_thread_blocked, id=9060, stack(0x000000001c5b0000,0x000000001c6b0000)]
  0x000000001b1f8000 JavaThread "Incoming local TCP Connector on port 50090" [_thread_in_native, id=6600, stack(0x000000001c370000,0x000000001c470000)]
  0x000000001a0cf000 JavaThread "Daemon health stats" [_thread_blocked, id=4000, stack(0x000000001bd30000,0x000000001be30000)]
  0x00000000173cd800 JavaThread "Service Thread" daemon [_thread_blocked, id=8952, stack(0x00000000190d0000,0x00000000191d0000)]
  0x000000001737e800 JavaThread "C1 CompilerThread2" daemon [_thread_blocked, id=12204, stack(0x0000000018bd0000,0x0000000018cd0000)]
=>0x000000001737b000 JavaThread "C2 CompilerThread1" daemon [_thread_in_native, id=12212, stack(0x0000000018ad0000,0x0000000018bd0000)]
  0x0000000017378000 JavaThread "C2 CompilerThread0" daemon [_thread_in_native, id=12208, stack(0x00000000189d0000,0x0000000018ad0000)]
  0x0000000017377000 JavaThread "Attach Listener" daemon [_thread_blocked, id=4692, stack(0x00000000188d0000,0x00000000189d0000)]
  0x0000000017375800 JavaThread "Signal Dispatcher" daemon [_thread_blocked, id=9484, stack(0x00000000187d0000,0x00000000188d0000)]
  0x000000000274c000 JavaThread "Finalizer" daemon [_thread_blocked, id=464, stack(0x00000000185d0000,0x00000000186d0000)]
  0x0000000017359000 JavaThread "Reference Handler" daemon [_thread_blocked, id=1884, stack(0x00000000184d0000,0x00000000185d0000)]
  0x000000000264e000 JavaThread "main" [_thread_blocked, id=2580, stack(0x0000000002540000,0x0000000002640000)]

Other Threads:
  0x0000000017336000 VMThread [stack: 0x00000000183d0000,0x00000000184d0000] [id=1976]
  0x0000000018cf1000 WatcherThread [stack: 0x00000000191d0000,0x00000000192d0000] [id=9556]

VM state:not at safepoint (normal execution)

VM Mutex/Monitor currently owned by a thread: None

heap address: 0x0000000080000000, size: 2048 MB, Compressed Oops mode: 32-bit
Narrow klass base: 0x0000000000000000, Narrow klass shift: 3
Compressed class space size: 1073741824 Address: 0x0000000100000000

Heap:
 PSYoungGen      total 174592K, used 93563K [0x00000000d5580000, 0x00000000e3380000, 0x0000000100000000)
  eden space 163328K, 50% used [0x00000000d5580000,0x00000000da5e1d78,0x00000000df500000)
  from space 11264K, 99% used [0x00000000df500000,0x00000000dfffd148,0x00000000e0000000)
  to   space 15872K, 0% used [0x00000000e2400000,0x00000000e2400000,0x00000000e3380000)
 ParOldGen       total 154112K, used 22367K [0x0000000080000000, 0x0000000089680000, 0x00000000d5580000)
  object space 154112K, 14% used [0x0000000080000000,0x00000000815d7c10,0x0000000089680000)
 Metaspace       used 54968K, capacity 57372K, committed 57472K, reserved 1099776K
  class space    used 7304K, capacity 7763K, committed 7808K, reserved 1048576K

Card table byte_map: [0x0000000011b10000,0x0000000011f20000] byte_map_base: 0x0000000011710000

Marking Bits: (ParMarkBitMap*) 0x000000005080f030
 Begin Bits: [0x00000000125d0000, 0x00000000145d0000)
 End Bits:   [0x00000000145d0000, 0x00000000165d0000)

Polling page: 0x0000000000cd0000

CodeCache: size=245760Kb used=16667Kb max_used=16692Kb free=229092Kb
 bounds [0x0000000002750000, 0x00000000037b0000, 0x0000000011750000]
 total_blobs=5553 nmethods=4766 adapters=700
 compilation: enabled

Compilation events (10 events):
Event: 16.874 Thread 0x000000001737e800 5167       1       org.gradle.api.internal.plugins.DefaultPluginRegistry$PluginIdLookupCacheKey::getId (5 bytes)
Event: 16.874 Thread 0x000000001737e800 nmethod 5167 0x0000000003796910 code [0x0000000003796a60, 0x0000000003796b70]
Event: 16.874 Thread 0x000000001737e800 5168       1       org.gradle.api.internal.plugins.DefaultPluginRegistry$PluginIdLookupCacheKey::getClassLoader (5 bytes)
Event: 16.874 Thread 0x000000001737e800 nmethod 5168 0x0000000003796bd0 code [0x0000000003796d20, 0x0000000003796e30]
Event: 16.874 Thread 0x000000001737e800 5169       3       org.gradle.api.internal.plugins.DefaultPluginRegistry::lookup (83 bytes)
Event: 16.876 Thread 0x000000001737e800 nmethod 5169 0x0000000003796e90 code [0x0000000003797260, 0x0000000003799468]
Event: 16.991 Thread 0x0000000017378000 nmethod 5138 0x00000000037a1950 code [0x00000000037a1d20, 0x00000000037a59c8]
Event: 16.991 Thread 0x0000000017378000 5140       4       java.util.HashMap$HashIterator::<init> (79 bytes)
Event: 16.996 Thread 0x0000000017378000 nmethod 5140 0x000000000379e650 code [0x000000000379e7a0, 0x000000000379e9d8]
Event: 16.996 Thread 0x0000000017378000 5146       4       com.sun.beans.TypeResolver::resolve (37 bytes)

GC Heap History (10 events):
Event: 11.654 GC heap before
{Heap before GC invocations=7 (full 1):
 PSYoungGen      total 76288K, used 73562K [0x00000000d5580000, 0x00000000dc900000, 0x0000000100000000)
  eden space 65536K, 100% used [0x00000000d5580000,0x00000000d9580000,0x00000000d9580000)
  from space 10752K, 74% used [0x00000000d9580000,0x00000000d9d56a30,0x00000000da000000)
  to   space 11264K, 0% used [0x00000000dbe00000,0x00000000dbe00000,0x00000000dc900000)
 ParOldGen       total 108032K, used 8572K [0x0000000080000000, 0x0000000086980000, 0x00000000d5580000)
  object space 108032K, 7% used [0x0000000080000000,0x000000008085f3e8,0x0000000086980000)
 Metaspace       used 33585K, capacity 34786K, committed 35072K, reserved 1079296K
  class space    used 4574K, capacity 4846K, committed 4864K, reserved 1048576K
Event: 11.666 GC heap after
Heap after GC invocations=7 (full 1):
 PSYoungGen      total 107008K, used 9417K [0x00000000d5580000, 0x00000000dca00000, 0x0000000100000000)
  eden space 95744K, 0% used [0x00000000d5580000,0x00000000d5580000,0x00000000db300000)
  from space 11264K, 83% used [0x00000000dbe00000,0x00000000dc7325c8,0x00000000dc900000)
  to   space 11264K, 0% used [0x00000000db300000,0x00000000db300000,0x00000000dbe00000)
 ParOldGen       total 108032K, used 8580K [0x0000000080000000, 0x0000000086980000, 0x00000000d5580000)
  object space 108032K, 7% used [0x0000000080000000,0x00000000808613e8,0x0000000086980000)
 Metaspace       used 33585K, capacity 34786K, committed 35072K, reserved 1079296K
  class space    used 4574K, capacity 4846K, committed 4864K, reserved 1048576K
}
Event: 11.830 GC heap before
{Heap before GC invocations=8 (full 1):
 PSYoungGen      total 107008K, used 29278K [0x00000000d5580000, 0x00000000dca00000, 0x0000000100000000)
  eden space 95744K, 20% used [0x00000000d5580000,0x00000000d68e52e0,0x00000000db300000)
  from space 11264K, 83% used [0x00000000dbe00000,0x00000000dc7325c8,0x00000000dc900000)
  to   space 11264K, 0% used [0x00000000db300000,0x00000000db300000,0x00000000dbe00000)
 ParOldGen       total 108032K, used 8580K [0x0000000080000000, 0x0000000086980000, 0x00000000d5580000)
  object space 108032K, 7% used [0x0000000080000000,0x00000000808613e8,0x0000000086980000)
 Metaspace       used 34086K, capacity 35332K, committed 35456K, reserved 1079296K
  class space    used 4648K, capacity 4919K, committed 4992K, reserved 1048576K
Event: 11.846 GC heap after
Heap after GC invocations=8 (full 1):
 PSYoungGen      total 107008K, used 7272K [0x00000000d5580000, 0x00000000e0f80000, 0x0000000100000000)
  eden space 95744K, 0% used [0x00000000d5580000,0x00000000d5580000,0x00000000db300000)
  from space 11264K, 64% used [0x00000000db300000,0x00000000dba1a1d0,0x00000000dbe00000)
  to   space 11264K, 0% used [0x00000000e0480000,0x00000000e0480000,0x00000000e0f80000)
 ParOldGen       total 108032K, used 8588K [0x0000000080000000, 0x0000000086980000, 0x00000000d5580000)
  object space 108032K, 7% used [0x0000000080000000,0x00000000808633e8,0x0000000086980000)
 Metaspace       used 34086K, capacity 35332K, committed 35456K, reserved 1079296K
  class space    used 4648K, capacity 4919K, committed 4992K, reserved 1048576K
}
Event: 11.846 GC heap before
{Heap before GC invocations=9 (full 2):
 PSYoungGen      total 107008K, used 7272K [0x00000000d5580000, 0x00000000e0f80000, 0x0000000100000000)
  eden space 95744K, 0% used [0x00000000d5580000,0x00000000d5580000,0x00000000db300000)
  from space 11264K, 64% used [0x00000000db300000,0x00000000dba1a1d0,0x00000000dbe00000)
  to   space 11264K, 0% used [0x00000000e0480000,0x00000000e0480000,0x00000000e0f80000)
 ParOldGen       total 108032K, used 8588K [0x0000000080000000, 0x0000000086980000, 0x00000000d5580000)
  object space 108032K, 7% used [0x0000000080000000,0x00000000808633e8,0x0000000086980000)
 Metaspace       used 34086K, capacity 35332K, committed 35456K, reserved 1079296K
  class space    used 4648K, capacity 4919K, committed 4992K, reserved 1048576K
Event: 11.945 GC heap after
Heap after GC invocations=9 (full 2):
 PSYoungGen      total 107008K, used 0K [0x00000000d5580000, 0x00000000e0f80000, 0x0000000100000000)
  eden space 95744K, 0% used [0x00000000d5580000,0x00000000d5580000,0x00000000db300000)
  from space 11264K, 0% used [0x00000000db300000,0x00000000db300000,0x00000000dbe00000)
  to   space 11264K, 0% used [0x00000000e0480000,0x00000000e0480000,0x00000000e0f80000)
 ParOldGen       total 154112K, used 14241K [0x0000000080000000, 0x0000000089680000, 0x00000000d5580000)
  object space 154112K, 9% used [0x0000000080000000,0x0000000080de8568,0x0000000089680000)
 Metaspace       used 34086K, capacity 35332K, committed 35456K, reserved 1079296K
  class space    used 4648K, capacity 4919K, committed 4992K, reserved 1048576K
}
Event: 13.152 GC heap before
{Heap before GC invocations=10 (full 2):
 PSYoungGen      total 107008K, used 95744K [0x00000000d5580000, 0x00000000e0f80000, 0x0000000100000000)
  eden space 95744K, 100% used [0x00000000d5580000,0x00000000db300000,0x00000000db300000)
  from space 11264K, 0% used [0x00000000db300000,0x00000000db300000,0x00000000dbe00000)
  to   space 11264K, 0% used [0x00000000e0480000,0x00000000e0480000,0x00000000e0f80000)
 ParOldGen       total 154112K, used 14241K [0x0000000080000000, 0x0000000089680000, 0x00000000d5580000)
  object space 154112K, 9% used [0x0000000080000000,0x0000000080de8568,0x0000000089680000)
 Metaspace       used 37821K, capacity 39558K, committed 39680K, reserved 1083392K
  class space    used 5190K, capacity 5554K, committed 5632K, reserved 1048576K
Event: 13.165 GC heap after
Heap after GC invocations=10 (full 2):
 PSYoungGen      total 155136K, used 6459K [0x00000000d5580000, 0x00000000e0b00000, 0x0000000100000000)
  eden space 148480K, 0% used [0x00000000d5580000,0x00000000d5580000,0x00000000de680000)
  from space 6656K, 97% used [0x00000000e0480000,0x00000000e0acece8,0x00000000e0b00000)
  to   space 11264K, 0% used [0x00000000df500000,0x00000000df500000,0x00000000e0000000)
 ParOldGen       total 154112K, used 14241K [0x0000000080000000, 0x0000000089680000, 0x00000000d5580000)
  object space 154112K, 9% used [0x0000000080000000,0x0000000080de8568,0x0000000089680000)
 Metaspace       used 37821K, capacity 39558K, committed 39680K, reserved 1083392K
  class space    used 5190K, capacity 5554K, committed 5632K, reserved 1048576K
}
Event: 15.157 GC heap before
{Heap before GC invocations=11 (full 2):
 PSYoungGen      total 155136K, used 154939K [0x00000000d5580000, 0x00000000e0b00000, 0x0000000100000000)
  eden space 148480K, 100% used [0x00000000d5580000,0x00000000de680000,0x00000000de680000)
  from space 6656K, 97% used [0x00000000e0480000,0x00000000e0acece8,0x00000000e0b00000)
  to   space 11264K, 0% used [0x00000000df500000,0x00000000df500000,0x00000000e0000000)
 ParOldGen       total 154112K, used 14241K [0x0000000080000000, 0x0000000089680000, 0x00000000d5580000)
  object space 154112K, 9% used [0x0000000080000000,0x0000000080de8568,0x0000000089680000)
 Metaspace       used 49695K, capacity 51872K, committed 51968K, reserved 1093632K
  class space    used 6711K, capacity 7153K, committed 7168K, reserved 1048576K
Event: 15.186 GC heap after
Heap after GC invocations=11 (full 2):
 PSYoungGen      total 174592K, used 11252K [0x00000000d5580000, 0x00000000e3380000, 0x0000000100000000)
  eden space 163328K, 0% used [0x00000000d5580000,0x00000000d5580000,0x00000000df500000)
  from space 11264K, 99% used [0x00000000df500000,0x00000000dfffd148,0x00000000e0000000)
  to   space 15872K, 0% used [0x00000000e2400000,0x00000000e2400000,0x00000000e3380000)
 ParOldGen       total 154112K, used 22367K [0x0000000080000000, 0x0000000089680000, 0x00000000d5580000)
  object space 154112K, 14% used [0x0000000080000000,0x00000000815d7c10,0x0000000089680000)
 Metaspace       used 49695K, capacity 51872K, committed 51968K, reserved 1093632K
  class space    used 6711K, capacity 7153K, committed 7168K, reserved 1048576K
}

Deoptimization events (10 events):
Event: 15.769 Thread 0x000000001b28a000 Uncommon trap: reason=unstable_if action=reinterpret pc=0x00000000029a8970 method=org.gradle.internal.instantiation.generator.AbstractClassGenerator$InjectionAnnotationValidator.validateMethod(Ljava/lang/reflect/Method;Lorg/gradle/internal/reflect/Propert
Event: 15.769 Thread 0x000000001b28a000 Uncommon trap: reason=unstable_if action=reinterpret pc=0x0000000002d717d8 method=org.gradle.internal.instantiation.generator.AbstractClassGenerator$InjectionAnnotationValidator.validateMethod(Ljava/lang/reflect/Method;Lorg/gradle/internal/reflect/Propert
Event: 15.858 Thread 0x000000001b28a000 Uncommon trap: reason=unstable_if action=reinterpret pc=0x0000000002939d1c method=java.lang.String.replace(CC)Ljava/lang/String; @ 2
Event: 15.864 Thread 0x000000001b28a000 Uncommon trap: reason=bimorphic action=maybe_recompile pc=0x0000000002ce8ff4 method=org.codehaus.groovy.runtime.metaclass.MetaMethodIndex.addMethodToList(Ljava/lang/Object;Lgroovy/lang/MetaMethod;)Ljava/lang/Object; @ 96
Event: 15.864 Thread 0x000000001b28a000 Uncommon trap: reason=unstable_if action=reinterpret pc=0x0000000002ce8f38 method=org.codehaus.groovy.runtime.metaclass.MetaMethodIndex.isNonRealMethod(Lgroovy/lang/MetaMethod;)Z @ 4
Event: 15.865 Thread 0x000000001b28a000 Uncommon trap: reason=unstable_if action=reinterpret pc=0x00000000032f6f8c method=groovy.lang.MetaClassImpl$1MOPIter.methodNameAction(Ljava/lang/Class;Lorg/codehaus/groovy/runtime/metaclass/MetaMethodIndex$Entry;)V @ 182
Event: 15.970 Thread 0x000000001b28a000 Uncommon trap: reason=unstable_if action=reinterpret pc=0x0000000002b5c1e4 method=java.lang.String.lastIndexOf([CII[CIII)I @ 17
Event: 15.970 Thread 0x000000001b28a000 Uncommon trap: reason=unstable_if action=reinterpret pc=0x0000000002e7552c method=sun.net.www.protocol.jar.Handler.parseURL(Ljava/net/URL;Ljava/lang/String;II)V @ 116
Event: 16.363 Thread 0x000000001b28a000 Uncommon trap: reason=null_check action=make_not_entrant pc=0x0000000002fbc02c method=java.lang.Class.searchMethods([Ljava/lang/reflect/Method;Ljava/lang/String;[Ljava/lang/Class;)Ljava/lang/reflect/Method; @ 59
Event: 16.536 Thread 0x000000001b28a000 Uncommon trap: reason=unstable_if action=reinterpret pc=0x00000000033ed0b0 method=java.util.WeakHashMap.put(Ljava/lang/Object;Ljava/lang/Object;)Ljava/lang/Object; @ 59

Classes redefined (0 events):
No events

Internal exceptions (10 events):
Event: 16.755 Thread 0x000000001b28a000 Exception <a 'java/lang/ClassNotFoundException': java/lang/EnumCustomizer> (0x00000000d9beb0e0) thrown at [C:\src\AOSP-openjdk-git\hotspot\src\share\vm\classfile\systemDictionary.cpp, line 210]
Event: 16.756 Thread 0x000000001b28a000 Exception <a 'java/lang/ClassNotFoundException': org/gradle/api/JavaVersionCustomizer> (0x00000000d9c24f60) thrown at [C:\src\AOSP-openjdk-git\hotspot\src\share\vm\classfile\systemDictionary.cpp, line 210]
Event: 16.762 Thread 0x000000001b28a000 Exception <a 'java/lang/ClassNotFoundException': com/android/build/gradle/internal/CompileOptions_DecoratedBeanInfo> (0x00000000d9c8c420) thrown at [C:\src\AOSP-openjdk-git\hotspot\src\share\vm\classfile\systemDictionary.cpp, line 210]
Event: 16.762 Thread 0x000000001b28a000 Exception <a 'java/lang/ClassNotFoundException': com/android/build/gradle/internal/CompileOptionsBeanInfo> (0x00000000d9cac288) thrown at [C:\src\AOSP-openjdk-git\hotspot\src\share\vm\classfile\systemDictionary.cpp, line 210]
Event: 16.763 Thread 0x000000001b28a000 Exception <a 'java/lang/ClassNotFoundException': com/android/build/gradle/internal/CompileOptionsCustomizer> (0x00000000d9ccc100) thrown at [C:\src\AOSP-openjdk-git\hotspot\src\share\vm\classfile\systemDictionary.cpp, line 210]
Event: 16.764 Thread 0x000000001b28a000 Exception <a 'java/lang/ClassNotFoundException': com/android/build/gradle/internal/CompileOptions_DecoratedCustomizer> (0x00000000d9d01de8) thrown at [C:\src\AOSP-openjdk-git\hotspot\src\share\vm\classfile\systemDictionary.cpp, line 210]
Event: 16.799 Thread 0x000000001b28a000 Exception <a 'java/lang/ClassNotFoundException': org/jetbrains/kotlin/gradle/dsl/KotlinJvmOptionsImplBeanInfo> (0x00000000d9e813a0) thrown at [C:\src\AOSP-openjdk-git\hotspot\src\share\vm\classfile\systemDictionary.cpp, line 210]
Event: 16.799 Thread 0x000000001b28a000 Exception <a 'java/lang/ClassNotFoundException': org/jetbrains/kotlin/gradle/dsl/KotlinJvmOptionsBaseBeanInfo> (0x00000000d9ea28b8) thrown at [C:\src\AOSP-openjdk-git\hotspot\src\share\vm\classfile\systemDictionary.cpp, line 210]
Event: 16.799 Thread 0x000000001b28a000 Exception <a 'java/lang/ClassNotFoundException': org/jetbrains/kotlin/gradle/dsl/KotlinJvmOptionsBaseCustomizer> (0x00000000d9ec4490) thrown at [C:\src\AOSP-openjdk-git\hotspot\src\share\vm\classfile\systemDictionary.cpp, line 210]
Event: 16.801 Thread 0x000000001b28a000 Exception <a 'java/lang/ClassNotFoundException': org/jetbrains/kotlin/gradle/dsl/KotlinJvmOptionsImplCustomizer> (0x00000000d9f0baf8) thrown at [C:\src\AOSP-openjdk-git\hotspot\src\share\vm\classfile\systemDictionary.cpp, line 210]

Events (10 events):
Event: 17.132 loading class com/android/build/gradle/internal/core/VariantDslInfoImpl$directorySegments$2
Event: 17.132 loading class com/android/build/gradle/internal/core/VariantDslInfoImpl$directorySegments$2 done
Event: 17.132 loading class com/android/build/gradle/internal/core/VariantDslInfoImpl$packageName$2
Event: 17.132 loading class com/android/build/gradle/internal/core/VariantDslInfoImpl$packageName$2 done
Event: 17.134 loading class com/android/build/gradle/internal/core/VariantDslInfoImpl$initApplicationId$appIdFromFlavors$1
Event: 17.135 loading class com/android/build/gradle/internal/core/VariantDslInfoImpl$initApplicationId$appIdFromFlavors$1 done
Event: 17.141 loading class kotlin/sequences/Sequence
Event: 17.141 loading class kotlin/sequences/Sequence done
Event: 17.142 loading class com/android/build/gradle/internal/core/VariantDslInfoImpl$initApplicationId$4
Event: 17.142 loading class com/android/build/gradle/internal/core/VariantDslInfoImpl$initApplicationId$4 done


Dynamic libraries:
0x00007ff68ba50000 - 0x00007ff68ba81000 	C:\Program Files\Android\Android Studio\jre\bin\java.exe
0x00007ffbc5930000 - 0x00007ffbc5b25000 	C:\Windows\SYSTEM32\ntdll.dll
0x00007ffbc3a10000 - 0x00007ffbc3acd000 	C:\Windows\System32\KERNEL32.DLL
0x00007ffbc33a0000 - 0x00007ffbc3669000 	C:\Windows\System32\KERNELBASE.dll
0x00007ffbc5580000 - 0x00007ffbc562c000 	C:\Windows\System32\ADVAPI32.dll
0x00007ffbc3c40000 - 0x00007ffbc3cde000 	C:\Windows\System32\msvcrt.dll
0x00007ffbc5630000 - 0x00007ffbc56cc000 	C:\Windows\System32\sechost.dll
0x00007ffbc4380000 - 0x00007ffbc44ab000 	C:\Windows\System32\RPCRT4.dll
0x00007ffbc56f0000 - 0x00007ffbc5890000 	C:\Windows\System32\USER32.dll
0x00007ffbc3240000 - 0x00007ffbc3262000 	C:\Windows\System32\win32u.dll
0x00007ffbc51a0000 - 0x00007ffbc51ca000 	C:\Windows\System32\GDI32.dll
0x00007ffbc3820000 - 0x00007ffbc392b000 	C:\Windows\System32\gdi32full.dll
0x00007ffbc3170000 - 0x00007ffbc320d000 	C:\Windows\System32\msvcp_win.dll
0x00007ffbc3070000 - 0x00007ffbc3170000 	C:\Windows\System32\ucrtbase.dll
0x00007ffbb1470000 - 0x00007ffbb170a000 	C:\Windows\WinSxS\amd64_microsoft.windows.common-controls_6595b64144ccf1df_6.0.19041.844_none_ca00b6081b84eb1d\COMCTL32.dll
0x00007ffbc3c10000 - 0x00007ffbc3c40000 	C:\Windows\System32\IMM32.DLL
0x0000000077f20000 - 0x0000000077ff2000 	C:\Program Files\Android\Android Studio\jre\jre\bin\msvcr100.dll
0x0000000050040000 - 0x000000005088b000 	C:\Program Files\Android\Android Studio\jre\jre\bin\server\jvm.dll
0x00007ffbc3ce0000 - 0x00007ffbc3ce8000 	C:\Windows\System32\PSAPI.DLL
0x00007ffbaca60000 - 0x00007ffbaca69000 	C:\Windows\SYSTEM32\WSOCK32.dll
0x00007ffbb7bc0000 - 0x00007ffbb7be7000 	C:\Windows\SYSTEM32\WINMM.dll
0x00007ffbbc410000 - 0x00007ffbbc41a000 	C:\Windows\SYSTEM32\VERSION.dll
0x00007ffbc3ea0000 - 0x00007ffbc3f0b000 	C:\Windows\System32\WS2_32.dll
0x00007ffbbc440000 - 0x00007ffbbc44f000 	C:\Program Files\Android\Android Studio\jre\jre\bin\verify.dll
0x00007ffbae500000 - 0x00007ffbae529000 	C:\Program Files\Android\Android Studio\jre\jre\bin\java.dll
0x00007ffbb7990000 - 0x00007ffbb79a6000 	C:\Program Files\Android\Android Studio\jre\jre\bin\zip.dll
0x00007ffbc44c0000 - 0x00007ffbc4c02000 	C:\Windows\System32\SHELL32.dll
0x00007ffbc11b0000 - 0x00007ffbc1940000 	C:\Windows\SYSTEM32\windows.storage.dll
0x00007ffbc4e40000 - 0x00007ffbc5195000 	C:\Windows\System32\combase.dll
0x00007ffbc2ae0000 - 0x00007ffbc2b0c000 	C:\Windows\SYSTEM32\Wldp.dll
0x00007ffbc3d60000 - 0x00007ffbc3e0e000 	C:\Windows\System32\SHCORE.dll
0x00007ffbc5890000 - 0x00007ffbc58e5000 	C:\Windows\System32\shlwapi.dll
0x00007ffbc2fb0000 - 0x00007ffbc2fcf000 	C:\Windows\SYSTEM32\profapi.dll
0x00007ffbb7260000 - 0x00007ffbb727a000 	C:\Program Files\Android\Android Studio\jre\jre\bin\net.dll
0x00007ffbc2860000 - 0x00007ffbc28ca000 	C:\Windows\system32\mswsock.dll
0x00007ffbacdd0000 - 0x00007ffbacde3000 	C:\Program Files\Android\Android Studio\jre\jre\bin\nio.dll
0x00007ffbbcca0000 - 0x00007ffbbccc7000 	C:\Users\FADEL\.gradle\native\fdc75f09e3144964f2cf3f50f0aa648679c211496f362492102eb8c894070792\windows-amd64\native-platform.dll
0x00007ffb8c110000 - 0x00007ffb8c2a6000 	C:\Users\FADEL\.gradle\native\12488b8bf47d2d4c9fbf2f6322a914ad602e24e48041cd04a747c6da556b65c4\windows-amd64\native-platform-file-events.dll
0x00007ffbbb8d0000 - 0x00007ffbbb8dd000 	C:\Program Files\Android\Android Studio\jre\jre\bin\management.dll
0x00007ffbc2a30000 - 0x00007ffbc2a48000 	C:\Windows\SYSTEM32\CRYPTSP.dll
0x00007ffbc2190000 - 0x00007ffbc21c4000 	C:\Windows\system32\rsaenh.dll
0x00007ffbc3210000 - 0x00007ffbc3237000 	C:\Windows\System32\bcrypt.dll
0x00007ffbc2f70000 - 0x00007ffbc2f9e000 	C:\Windows\SYSTEM32\USERENV.dll
0x00007ffbc3270000 - 0x00007ffbc32f0000 	C:\Windows\System32\bcryptprimitives.dll
0x00007ffbc2a50000 - 0x00007ffbc2a5c000 	C:\Windows\SYSTEM32\CRYPTBASE.dll
0x00007ffbc2500000 - 0x00007ffbc253b000 	C:\Windows\SYSTEM32\IPHLPAPI.DLL
0x00007ffbc3cf0000 - 0x00007ffbc3cf8000 	C:\Windows\System32\NSI.dll
0x00007ffbbb1d0000 - 0x00007ffbbb1e7000 	C:\Windows\SYSTEM32\dhcpcsvc6.DLL
0x00007ffbbbe20000 - 0x00007ffbbbe3d000 	C:\Windows\SYSTEM32\dhcpcsvc.DLL
0x00007ffbc2550000 - 0x00007ffbc261b000 	C:\Windows\SYSTEM32\DNSAPI.dll
0x00007ffbbc6a0000 - 0x00007ffbbc6ab000 	C:\Windows\SYSTEM32\WINNSI.DLL
0x00007ffbc0d10000 - 0x00007ffbc0ef4000 	C:\Windows\SYSTEM32\dbghelp.dll

VM Arguments:
jvm_args: -Xmx2048m -Dfile.encoding=UTF-8 -Duser.country=ID -Duser.language=en -Duser.variant 
java_command: org.gradle.launcher.daemon.bootstrap.GradleDaemon 6.8.3
java_class_path (initial): C:\Users\FADEL\.gradle\wrapper\dists\gradle-6.8.3-all\6czipnbiesy2sl92ioo8dht91\gradle-6.8.3\lib\gradle-launcher-6.8.3.jar
Launcher Type: SUN_STANDARD

Environment Variables:
JAVA_HOME=C:\Program Files\Android\Android Studio\jre
PATH=C:\Windows\system32;C:\Windows;C:\Windows\System32\Wbem;C:\Windows\System32\WindowsPowerShell\v1.0\;C:\Windows\System32\OpenSSH\;C:\Program Files\Git\cmd;C:\Program Files\Android\Android Studio\jre\bin;C:\Users\FADEL\AppData\Local\Microsoft\WindowsApps;;C:\Users\FADEL\AppData\Local\Programs\Microsoft VS Code\bin
USERNAME=FADEL
OS=Windows_NT
PROCESSOR_IDENTIFIER=Intel64 Family 6 Model 142 Stepping 9, GenuineIntel



---------------  S Y S T E M  ---------------

OS: Windows 10.0 , 64 bit Build 19041 (10.0.19041.804)

CPU:total 4 (initial active 4) (2 cores per cpu, 2 threads per core) family 6 model 142 stepping 9, cmov, cx8, fxsr, mmx, sse, sse2, sse3, ssse3, sse4.1, sse4.2, popcnt, avx, avx2, aes, clmul, erms, 3dnowpref, lzcnt, ht, tsc, tscinvbit, bmi1, bmi2, adx

Memory: 4k page, physical 16661200k(10828680k free), swap 19151568k(12713276k free)

vm_info: OpenJDK 64-Bit Server VM (25.242-b01) for windows-amd64 JRE (1.8.0_242-release-1644-b01), built by "builder" with MS VC++ 10.0 (VS2010)

time: Mon Apr 12 05:16:36 2021
timezone: SE Asia Standard Time
elapsed time: 17 seconds (0d 0h 0m 17s)

